  dllmain.cpp
D:\学习\C C++\LSPDll\dllmain.cpp(17,13): warning C4996: 'localtime': This function or variable may be unsafe. Consider using localtime_s instead. To disable deprecation, use _CRT_SECURE_NO_WARNINGS. See online help for details.
D:\学习\C C++\LSPDll\dllmain.cpp(18,2): warning C4996: 'sprintf': This function or variable may be unsafe. Consider using sprintf_s instead. To disable deprecation, use _CRT_SECURE_NO_WARNINGS. See online help for details.
D:\学习\C C++\LSPDll\dllmain.cpp(28,7): warning C4996: 'fopen': This function or variable may be unsafe. Consider using fopen_s instead. To disable deprecation, use _CRT_SECURE_NO_WARNINGS. See online help for details.
D:\学习\C C++\LSPDll\dllmain.cpp(53,4): warning C4996: 'unlink': The POSIX name for this item is deprecated. Instead, use the ISO C and C++ conformant name: _unlink. See online help for details.
D:\学习\C C++\LSPDll\dllmain.cpp(58,9): warning C4996: 'fopen': This function or variable may be unsafe. Consider using fopen_s instead. To disable deprecation, use _CRT_SECURE_NO_WARNINGS. See online help for details.
D:\学习\C C++\LSPDll\dllmain.cpp(127,21): warning C4018: “<”: 有符号/无符号不匹配
D:\学习\C C++\LSPDll\dllmain.cpp(125,6): warning C4996: 'inet_ntoa': Use inet_ntop() or InetNtop() instead or define _WINSOCK_DEPRECATED_NO_WARNINGS to disable deprecated API warnings
D:\学习\C C++\LSPDll\dllmain.cpp(129,4): warning C4996: 'strcpy': This function or variable may be unsafe. Consider using strcpy_s instead. To disable deprecation, use _CRT_SECURE_NO_WARNINGS. See online help for details.
D:\学习\C C++\LSPDll\dllmain.cpp(165,5): warning C4267: “=”: 从“size_t”转换到“int”，可能丢失数据
D:\学习\C C++\LSPDll\dllmain.cpp(180,23): warning C4267: “=”: 从“size_t”转换到“int”，可能丢失数据
D:\学习\C C++\LSPDll\dllmain.cpp(210,17): warning C4129: “l”: 不可识别的字符转义序列
D:\学习\C C++\LSPDll\dllmain.cpp(210,139): warning C4267: “参数”: 从“size_t”转换到“unsigned int”，可能丢失数据
D:\学习\C C++\LSPDll\dllmain.cpp(211,17): warning C4129: “l”: 不可识别的字符转义序列
D:\学习\C C++\LSPDll\dllmain.cpp(211,121): warning C4267: “参数”: 从“size_t”转换到“unsigned int”，可能丢失数据
D:\学习\C C++\LSPDll\dllmain.cpp(214,21): warning C4018: “<”: 有符号/无符号不匹配
D:\学习\C C++\LSPDll\dllmain.cpp(223,92): warning C4267: “参数”: 从“size_t”转换到“unsigned int”，可能丢失数据
D:\学习\C C++\LSPDll\dllmain.cpp(226,92): warning C4267: “参数”: 从“size_t”转换到“unsigned int”，可能丢失数据
D:\学习\C C++\LSPDll\dllmain.cpp(210,79): warning C4996: 'inet_ntoa': Use inet_ntop() or InetNtop() instead or define _WINSOCK_DEPRECATED_NO_WARNINGS to disable deprecated API warnings
D:\学习\C C++\LSPDll\dllmain.cpp(212,6): warning C4996: 'inet_ntoa': Use inet_ntop() or InetNtop() instead or define _WINSOCK_DEPRECATED_NO_WARNINGS to disable deprecated API warnings
  LSPDll.cpp
  stdafx.cpp
  正在生成代码...
    正在创建库 D:\学习\C C++\LSPDll\x64\Debug\LSPDll.lib 和对象 D:\学习\C C++\LSPDll\x64\Debug\LSPDll.exp
  LSPDll.vcxproj -> D:\学习\C C++\LSPDll\x64\Debug\LSPDll.dll
